\BOOKMARK [1][-]{section.1}{\376\377\000I\000n\000t\000r\000o\000d\000u\000\347\000\343\000o}{}% 1
\BOOKMARK [2][-]{subsection.1.1}{\376\377\000O\000r\000g\000a\000n\000i\000z\000a\000\347\000\343\000o\000\040\000d\000o\000\040\000D\000o\000c\000u\000m\000e\000n\000t\000o}{section.1}% 2
\BOOKMARK [1][-]{section.2}{\376\377\000O\000\040\000q\000u\000e\000\040\000\351\000\040\000a\000\040\000G\000o\000v\000e\000r\000n\000a\000n\000\347\000a\000\040\000d\000a\000\040\000I\000n\000t\000e\000r\000n\000e\000t\000?}{}% 3
\BOOKMARK [1][-]{section.3}{\376\377\000O\000\040\000i\000n\000i\000c\000i\000o\000\040\000d\000a\000\040\000I\000n\000t\000e\000r\000n\000e\000t}{}% 4
\BOOKMARK [2][-]{subsection.3.1}{\376\377\000A\000\040\000b\000o\000m\000b\000a\000\040\000a\000t\000\363\000m\000i\000c\000a\000\040\000e\000\040\000a\000\040\000I\000n\000t\000e\000r\000n\000e\000t}{section.3}% 5
\BOOKMARK [2][-]{subsection.3.2}{\376\377\000S\000u\000r\000g\000i\000m\000e\000n\000t\000o\000\040\000d\000a\000\040\000A\000R\000P\000A\000N\000E\000T}{section.3}% 6
\BOOKMARK [1][-]{section.4}{\376\377\000E\000v\000o\000l\000u\000\347\000\343\000o\000\040\000d\000a\000\040\000G\000o\000v\000e\000r\000n\000a\000n\000\347\000a\000\040\000d\000a\000\040\000I\000n\000t\000e\000r\000n\000e\000t}{}% 7
\BOOKMARK [2][-]{subsection.4.1}{\376\377\000A\000\040\000e\000x\000p\000l\000o\000s\000\343\000o\000\040\000d\000o\000s\000\040\000a\000n\000o\000s\000\040\0002\0000\0000\0000\000\040\000e\000\040\000a\000\040\000I\000C\000A\000N\000N}{section.4}% 8
\BOOKMARK [2][-]{subsection.4.2}{\376\377\000D\000a\000\040\000I\000C\000A\000N\000N\000\040\000a\000t\000\351\000\040\000a\000o\000s\000\040\000d\000i\000a\000s\000\040\000d\000e\000\040\000h\000o\000j\000e}{section.4}% 9
\BOOKMARK [2][-]{subsection.4.3}{\376\377\000C\000o\000n\000c\000l\000u\000s\000\343\000o}{section.4}% 10
\BOOKMARK [1][-]{section.5}{\376\377\000A\000\040\000O\000r\000g\000a\000n\000i\000z\000a\000\347\000\343\000o\000\040\000d\000a\000\040\000I\000n\000t\000e\000r\000n\000e\000t}{}% 11
\BOOKMARK [2][-]{subsection.5.1}{\376\377\000I\000n\000f\000r\000a\000e\000s\000t\000r\000u\000t\000u\000r\000a\000\040\000F\000i\000s\000i\000c\000a}{section.5}% 12
\BOOKMARK [2][-]{subsection.5.2}{\376\377\000B\000a\000c\000k\000b\000o\000n\000e\000\040\000d\000a\000\040\000I\000n\000t\000e\000r\000n\000e\000t}{section.5}% 13
\BOOKMARK [2][-]{subsection.5.3}{\376\377\000P\000r\000o\000v\000e\000d\000o\000r\000e\000s\000\040\000d\000e\000\040\000S\000e\000r\000v\000i\000\347\000o\000s\000\040\000d\000e\000\040\000I\000n\000t\000e\000r\000n\000e\000t\000\040\000\050\000I\000S\000P\000s\000\051}{section.5}% 14
\BOOKMARK [2][-]{subsection.5.4}{\376\377\000P\000r\000o\000t\000o\000c\000o\000l\000o\000g\000o\000s}{section.5}% 15
\BOOKMARK [2][-]{subsection.5.5}{\376\377\000E\000n\000d\000e\000r\000e\000\347\000o\000s\000\040\000I\000P\000\040\000e\000\040\000D\000N\000S}{section.5}% 16
\BOOKMARK [2][-]{subsection.5.6}{\376\377\000C\000o\000n\000c\000l\000u\000s\000\343\000o}{section.5}% 17
\BOOKMARK [1][-]{section.6}{\376\377\000A\000\040\000I\000n\000t\000e\000r\000n\000e\000t\000\040\000e\000m\000\040\000P\000o\000r\000t\000u\000g\000a\000l}{}% 18
\BOOKMARK [2][-]{subsection.6.1}{\376\377\000A\000c\000e\000s\000s\000o\000\040\000d\000a\000\040\000I\000n\000t\000e\000r\000n\000e\000t\000\040\000a\000o\000s\000\040\000p\000o\000r\000t\000u\000g\000u\000e\000s\000e\000s}{section.6}% 19
\BOOKMARK [2][-]{subsection.6.2}{\376\377\000M\000o\000d\000e\000r\000n\000i\000z\000a\000\347\000\343\000o\000\040\000d\000o\000s\000\040\000p\000o\000r\000t\000u\000g\000u\000e\000s\000e\000s\000\040\000n\000a\000\040\000I\000n\000t\000e\000r\000n\000e\000t}{section.6}% 20
\BOOKMARK [2][-]{subsection.6.3}{\376\377\000D\000i\000f\000i\000c\000u\000l\000d\000a\000d\000e\000s\000\040\000d\000o\000s\000\040\000P\000o\000r\000t\000u\000g\000u\000e\000s\000e\000s}{section.6}% 21
\BOOKMARK [2][-]{subsection.6.4}{\376\377\000C\000o\000n\000c\000l\000u\000s\000\343\000o}{section.6}% 22
\BOOKMARK [1][-]{section.7}{\376\377\000O\000\040\000f\000u\000t\000u\000r\000o\000\040\000d\000a\000\040\000I\000n\000t\000e\000r\000n\000e\000t}{}% 23
\BOOKMARK [2][-]{subsection.7.1}{\376\377\000D\000e\000s\000a\000f\000i\000o\000s\000\040\000d\000e\000\040\000S\000e\000g\000u\000r\000a\000n\000\347\000a\000\040\000e\000\040\000P\000r\000i\000v\000a\000c\000i\000d\000a\000d\000e}{section.7}% 24
\BOOKMARK [2][-]{subsection.7.2}{\376\377\000C\000o\000m\000p\000u\000t\000a\000\347\000\343\000o\000\040\000Q\000u\000\342\000n\000t\000i\000c\000a}{section.7}% 25
\BOOKMARK [2][-]{subsection.7.3}{\376\377\000G\000u\000e\000r\000r\000a\000\040\000d\000a\000\040\000I\000n\000t\000e\000l\000i\000g\000\352\000n\000c\000i\000a\000\040\000A\000r\000t\000i\000f\000i\000c\000i\000a\000l}{section.7}% 26
\BOOKMARK [2][-]{subsection.7.4}{\376\377\000C\000o\000n\000c\000l\000u\000s\000\343\000o}{section.7}% 27
\BOOKMARK [1][-]{section.8}{\376\377\000C\000o\000n\000c\000l\000u\000s\000\343\000o}{}% 28
\BOOKMARK [1][-]{section*.2}{\376\377\000R\000e\000f\000e\000r\000\352\000n\000c\000i\000a\000s}{}% 29
